11:45:12,232 DEBUG InternalLoggerFactory:47 - Using Log4J as the default logging framework
11:45:12,239 DEBUG ResourceLeakDetector:129 - -Dio.netty.leakDetection.level: simple
11:45:12,239 DEBUG ResourceLeakDetector:130 - -Dio.netty.leakDetection.targetRecords: 4
11:45:12,263 DEBUG PlatformDependent:987 - Platform: Windows
11:45:12,267 DEBUG PlatformDependent0:396 - -Dio.netty.noUnsafe: false
11:45:12,267 DEBUG PlatformDependent0:852 - Java version: 8
11:45:12,269 DEBUG PlatformDependent0:121 - sun.misc.Unsafe.theUnsafe: available
11:45:12,270 DEBUG PlatformDependent0:145 - sun.misc.Unsafe.copyMemory: available
11:45:12,270 DEBUG PlatformDependent0:183 - java.nio.Buffer.address: available
11:45:12,271 DEBUG PlatformDependent0:244 - direct buffer constructor: available
11:45:12,272 DEBUG PlatformDependent0:314 - java.nio.Bits.unaligned: available, true
11:45:12,272 DEBUG PlatformDependent0:379 - jdk.internal.misc.Unsafe.allocateUninitializedArray(int): unavailable prior to Java9
11:45:12,272 DEBUG PlatformDependent0:386 - java.nio.DirectByteBuffer.<init>(long, int): available
11:45:12,272 DEBUG PlatformDependent:1030 - sun.misc.Unsafe: available
11:45:12,273 DEBUG PlatformDependent:1149 - -Dio.netty.tmpdir: C:\Users\schandan\AppData\Local\Temp (java.io.tmpdir)
11:45:12,273 DEBUG PlatformDependent:1228 - -Dio.netty.bitMode: 64 (sun.arch.data.model)
11:45:12,276 DEBUG PlatformDependent:174 - -Dio.netty.maxDirectMemory: 922746880 bytes
11:45:12,277 DEBUG PlatformDependent:181 - -Dio.netty.uninitializedArrayAllocationThreshold: -1
11:45:12,278 DEBUG CleanerJava6:92 - java.nio.ByteBuffer.cleaner(): available
11:45:12,278 DEBUG PlatformDependent:201 - -Dio.netty.noPreferDirect: false
11:45:12,278 DEBUG ResourceLeakDetectorFactory:195 - Loaded default ResourceLeakDetector: io.netty.util.ResourceLeakDetector@5aa9e4eb
11:45:12,289 DEBUG PlatformDependent:891 - org.jctools-core.MpscChunkedArrayQueue: available
11:45:12,616 DEBUG JdkSslContext:96 - Default protocols (JDK): [TLSv1.2, TLSv1.1, TLSv1] 
11:45:12,616 DEBUG JdkSslContext:97 - Default cipher suites (JDK): [TLS_ECDHE_ECDSA_WITH_AES_256_GCM_SHA384, TLS_ECDHE_ECDSA_WITH_AES_128_GCM_SHA256, TLS_ECDHE_RSA_WITH_AES_128_GCM_SHA256, TLS_ECDHE_RSA_WITH_AES_256_GCM_SHA384, TLS_ECDHE_RSA_WITH_AES_128_CBC_SHA, TLS_ECDHE_RSA_WITH_AES_256_CBC_SHA, TLS_RSA_WITH_AES_128_GCM_SHA256, TLS_RSA_WITH_AES_128_CBC_SHA, TLS_RSA_WITH_AES_256_CBC_SHA]
11:45:12,640 DEBUG InternalThreadLocalMap:54 - -Dio.netty.threadLocalMap.stringBuilder.initialSize: 1024
11:45:12,641 DEBUG InternalThreadLocalMap:57 - -Dio.netty.threadLocalMap.stringBuilder.maxSize: 4096
11:45:12,648 DEBUG MultithreadEventLoopGroup:44 - -Dio.netty.eventLoopThreads: 8
11:45:12,658 DEBUG NioEventLoop:106 - -Dio.netty.noKeySetOptimization: false
11:45:12,658 DEBUG NioEventLoop:107 - -Dio.netty.selectorAutoRebuildThreshold: 512
11:45:12,704 DEBUG PooledByteBufAllocator:142 - -Dio.netty.allocator.numHeapArenas: 8
11:45:12,704 DEBUG PooledByteBufAllocator:143 - -Dio.netty.allocator.numDirectArenas: 8
11:45:12,705 DEBUG PooledByteBufAllocator:145 - -Dio.netty.allocator.pageSize: 8192
11:45:12,705 DEBUG PooledByteBufAllocator:150 - -Dio.netty.allocator.maxOrder: 11
11:45:12,705 DEBUG PooledByteBufAllocator:154 - -Dio.netty.allocator.chunkSize: 16777216
11:45:12,705 DEBUG PooledByteBufAllocator:155 - -Dio.netty.allocator.tinyCacheSize: 512
11:45:12,705 DEBUG PooledByteBufAllocator:156 - -Dio.netty.allocator.smallCacheSize: 256
11:45:12,705 DEBUG PooledByteBufAllocator:157 - -Dio.netty.allocator.normalCacheSize: 64
11:45:12,705 DEBUG PooledByteBufAllocator:158 - -Dio.netty.allocator.maxCachedBufferCapacity: 32768
11:45:12,706 DEBUG PooledByteBufAllocator:159 - -Dio.netty.allocator.cacheTrimInterval: 8192
11:45:12,706 DEBUG PooledByteBufAllocator:160 - -Dio.netty.allocator.cacheTrimIntervalMillis: 0
11:45:12,706 DEBUG PooledByteBufAllocator:161 - -Dio.netty.allocator.useCacheForAllThreads: true
11:45:12,706 DEBUG PooledByteBufAllocator:162 - -Dio.netty.allocator.maxCachedByteBuffersPerChunk: 1023
11:45:12,723 DEBUG ByteBufUtil:85 - -Dio.netty.allocator.type: pooled
11:45:12,724 DEBUG ByteBufUtil:94 - -Dio.netty.threadLocalDirectBufferSize: 0
11:45:12,724 DEBUG ByteBufUtil:97 - -Dio.netty.maxThreadLocalCharBufferSize: 16384
11:45:13,838 DEBUG DefaultChannelId:79 - -Dio.netty.processId: 12712 (auto-detected)
11:45:13,841 DEBUG NetUtil:139 - -Djava.net.preferIPv4Stack: false
11:45:13,841 DEBUG NetUtil:140 - -Djava.net.preferIPv6Addresses: false
11:45:13,866 DEBUG NetUtil:224 - Loopback interface: lo (Software Loopback Interface 1, 127.0.0.1)
11:45:13,867 DEBUG NetUtil:289 - Failed to get SOMAXCONN from sysctl and file \proc\sys\net\core\somaxconn. Default: 200
11:45:13,892 DEBUG DefaultChannelId:101 - -Dio.netty.machineId: 00:e0:4c:ff:fe:13:61:19 (auto-detected)
11:45:13,951 DEBUG AbstractByteBuf:62 - -Dio.netty.buffer.checkAccessible: true
11:45:13,951 DEBUG AbstractByteBuf:63 - -Dio.netty.buffer.checkBounds: true
11:45:13,952 DEBUG ResourceLeakDetectorFactory:195 - Loaded default ResourceLeakDetector: io.netty.util.ResourceLeakDetector@6aee3838
11:45:14,008 DEBUG Recycler:96 - -Dio.netty.recycler.maxCapacityPerThread: 4096
11:45:14,009 DEBUG Recycler:97 - -Dio.netty.recycler.maxSharedCapacityFactor: 2
11:45:14,009 DEBUG Recycler:98 - -Dio.netty.recycler.linkCapacity: 16
11:45:14,009 DEBUG Recycler:99 - -Dio.netty.recycler.ratio: 8
11:45:16,137 DEBUG ThreadLocalRandom:212 - -Dio.netty.initialSeedUniquifier: 0x1447f0834c26ed0a
11:45:18,680  INFO devpinoyLogger:26 - Login test Started
11:45:24,346  INFO devpinoyLogger:35 - Login test Completed
11:45:24,463  INFO devpinoyLogger:40 - Work order call Tracker started
11:45:41,512  INFO devpinoyLogger:47 - Work order call Tracker date Selected
11:45:44,879  INFO devpinoyLogger:60 - Work order call Tracker EventType Selected
11:45:45,850  INFO devpinoyLogger:64 - Work order call Tracker Entered
11:45:46,568  INFO devpinoyLogger:87 - Work order call Tracker phone number Entered
11:45:47,888  INFO devpinoyLogger:92 - Work order call Tracker Email address Entered
11:45:48,669  INFO devpinoyLogger:96 - Work order call Tracker Requested by Entered
11:45:49,383  INFO devpinoyLogger:117 - Work order call Tracker number Entered
11:45:50,470  INFO devpinoyLogger:121 - Work order call Tracker Email Entered
11:45:51,314  INFO devpinoyLogger:125 - Work order call Tracker job address Entered
11:45:52,052  INFO devpinoyLogger:129 - Work order call Tracker city Entered
11:45:52,967  INFO devpinoyLogger:133 - Work order call Tracker state Entered
11:45:53,150  INFO devpinoyLogger:154 - Work order call Tracker Zipcode Entered
11:45:53,882  INFO devpinoyLogger:158 - Work order call Tracker case number Entered
11:45:54,563  INFO devpinoyLogger:171 - Work order call Tracker reffed by selected 
11:45:55,273  INFO devpinoyLogger:175 - Work order call Tracker reffed by description
11:45:57,018  INFO devpinoyLogger:179 - Work order call Tracker Tech Event Entered
11:45:58,794  INFO devpinoyLogger:216 - Work order call Tracker Contact made with Entered
11:45:59,103  INFO devpinoyLogger:221 - Work order call Tracker comment Entered
11:45:59,237  INFO devpinoyLogger:223 - Work order call Tracker Completed
11:45:59,242  INFO devpinoyLogger:228 - Work order started
11:45:59,243  INFO devpinoyLogger:232 - Work order Completed
11:45:59,318 DEBUG cache:45 - Couldn't find template in cache for "v3html/v3-html-index.ftl"("en", UTF-8, parsed); will try to load it.
11:45:59,319 DEBUG cache:45 - TemplateLoader.findTemplateSource("v3html/v3-html-index_en.ftl"): Not found
11:45:59,321 DEBUG cache:45 - TemplateLoader.findTemplateSource("v3html/v3-html-index.ftl"): Found
11:45:59,321 DEBUG cache:45 - Loading template for "v3html/v3-html-index.ftl"("en", UTF-8, parsed) from "jar:file:/C:/Users/schandan/.m2/repository/com/aventstack/extentreports/4.0.9/extentreports-4.0.9.jar!/com/aventstack/extentreports/view/v3html/v3-html-index.ftl"
11:45:59,865 DEBUG cache:45 - Couldn't find template in cache for "v3html/v3-html-head.ftl"("en", UTF-8, parsed); will try to load it.
11:45:59,865 DEBUG cache:45 - TemplateLoader.findTemplateSource("v3html/v3-html-head_en.ftl"): Not found
11:45:59,866 DEBUG cache:45 - TemplateLoader.findTemplateSource("v3html/v3-html-head.ftl"): Found
11:45:59,866 DEBUG cache:45 - Loading template for "v3html/v3-html-head.ftl"("en", UTF-8, parsed) from "jar:file:/C:/Users/schandan/.m2/repository/com/aventstack/extentreports/4.0.9/extentreports-4.0.9.jar!/com/aventstack/extentreports/view/v3html/v3-html-head.ftl"
11:45:59,870 DEBUG cache:45 - Couldn't find template in cache for "v3html/v3-html-nav.ftl"("en", UTF-8, parsed); will try to load it.
11:45:59,871 DEBUG cache:45 - TemplateLoader.findTemplateSource("v3html/v3-html-nav_en.ftl"): Not found
11:45:59,872 DEBUG cache:45 - TemplateLoader.findTemplateSource("v3html/v3-html-nav.ftl"): Found
11:45:59,872 DEBUG cache:45 - Loading template for "v3html/v3-html-nav.ftl"("en", UTF-8, parsed) from "jar:file:/C:/Users/schandan/.m2/repository/com/aventstack/extentreports/4.0.9/extentreports-4.0.9.jar!/com/aventstack/extentreports/view/v3html/v3-html-nav.ftl"
11:45:59,881 DEBUG cache:45 - Couldn't find template in cache for "v3html/test-view/v3-html-test-view.ftl"("en", UTF-8, parsed); will try to load it.
11:45:59,881 DEBUG cache:45 - TemplateLoader.findTemplateSource("v3html/test-view/v3-html-test-view_en.ftl"): Not found
11:45:59,882 DEBUG cache:45 - TemplateLoader.findTemplateSource("v3html/test-view/v3-html-test-view.ftl"): Found
11:45:59,882 DEBUG cache:45 - Loading template for "v3html/test-view/v3-html-test-view.ftl"("en", UTF-8, parsed) from "jar:file:/C:/Users/schandan/.m2/repository/com/aventstack/extentreports/4.0.9/extentreports-4.0.9.jar!/com/aventstack/extentreports/view/v3html/test-view/v3-html-test-view.ftl"
11:45:59,895 DEBUG cache:45 - Couldn't find template in cache for "v3html/test-view/v3-html-test-view-charts.ftl"("en", UTF-8, parsed); will try to load it.
11:45:59,895 DEBUG cache:45 - TemplateLoader.findTemplateSource("v3html/test-view/v3-html-test-view-charts_en.ftl"): Not found
11:45:59,896 DEBUG cache:45 - TemplateLoader.findTemplateSource("v3html/test-view/v3-html-test-view-charts.ftl"): Found
11:45:59,896 DEBUG cache:45 - Loading template for "v3html/test-view/v3-html-test-view-charts.ftl"("en", UTF-8, parsed) from "jar:file:/C:/Users/schandan/.m2/repository/com/aventstack/extentreports/4.0.9/extentreports-4.0.9.jar!/com/aventstack/extentreports/view/v3html/test-view/v3-html-test-view-charts.ftl"
11:45:59,910 DEBUG cache:45 - Couldn't find template in cache for "v3html/test-view/v3-html-standard.ftl"("en", UTF-8, parsed); will try to load it.
11:45:59,911 DEBUG cache:45 - TemplateLoader.findTemplateSource("v3html/test-view/v3-html-standard_en.ftl"): Not found
11:45:59,911 DEBUG cache:45 - TemplateLoader.findTemplateSource("v3html/test-view/v3-html-standard.ftl"): Found
11:45:59,911 DEBUG cache:45 - Loading template for "v3html/test-view/v3-html-standard.ftl"("en", UTF-8, parsed) from "jar:file:/C:/Users/schandan/.m2/repository/com/aventstack/extentreports/4.0.9/extentreports-4.0.9.jar!/com/aventstack/extentreports/view/v3html/test-view/v3-html-standard.ftl"
11:45:59,938 DEBUG cache:45 - "v3html/test-view/v3-html-standard.ftl"("en", UTF-8, parsed) cached copy not yet stale; using cached.
11:45:59,940 DEBUG cache:45 - "v3html/test-view/v3-html-standard.ftl"("en", UTF-8, parsed) cached copy not yet stale; using cached.
11:45:59,942 DEBUG cache:45 - Couldn't find template in cache for "v3html/category-view/v3-html-category-view.ftl"("en", UTF-8, parsed); will try to load it.
11:45:59,942 DEBUG cache:45 - TemplateLoader.findTemplateSource("v3html/category-view/v3-html-category-view_en.ftl"): Not found
11:45:59,943 DEBUG cache:45 - TemplateLoader.findTemplateSource("v3html/category-view/v3-html-category-view.ftl"): Found
11:45:59,943 DEBUG cache:45 - Loading template for "v3html/category-view/v3-html-category-view.ftl"("en", UTF-8, parsed) from "jar:file:/C:/Users/schandan/.m2/repository/com/aventstack/extentreports/4.0.9/extentreports-4.0.9.jar!/com/aventstack/extentreports/view/v3html/category-view/v3-html-category-view.ftl"
11:45:59,950 DEBUG cache:45 - Couldn't find template in cache for "v3html/exception-view/v3-html-exception-view.ftl"("en", UTF-8, parsed); will try to load it.
11:45:59,951 DEBUG cache:45 - TemplateLoader.findTemplateSource("v3html/exception-view/v3-html-exception-view_en.ftl"): Not found
11:45:59,951 DEBUG cache:45 - TemplateLoader.findTemplateSource("v3html/exception-view/v3-html-exception-view.ftl"): Found
11:45:59,952 DEBUG cache:45 - Loading template for "v3html/exception-view/v3-html-exception-view.ftl"("en", UTF-8, parsed) from "jar:file:/C:/Users/schandan/.m2/repository/com/aventstack/extentreports/4.0.9/extentreports-4.0.9.jar!/com/aventstack/extentreports/view/v3html/exception-view/v3-html-exception-view.ftl"
11:45:59,956 DEBUG cache:45 - Couldn't find template in cache for "v3html/author-view/v3-html-author-view.ftl"("en", UTF-8, parsed); will try to load it.
11:45:59,957 DEBUG cache:45 - TemplateLoader.findTemplateSource("v3html/author-view/v3-html-author-view_en.ftl"): Not found
11:45:59,958 DEBUG cache:45 - TemplateLoader.findTemplateSource("v3html/author-view/v3-html-author-view.ftl"): Found
11:45:59,958 DEBUG cache:45 - Loading template for "v3html/author-view/v3-html-author-view.ftl"("en", UTF-8, parsed) from "jar:file:/C:/Users/schandan/.m2/repository/com/aventstack/extentreports/4.0.9/extentreports-4.0.9.jar!/com/aventstack/extentreports/view/v3html/author-view/v3-html-author-view.ftl"
11:45:59,963 DEBUG cache:45 - Couldn't find template in cache for "v3html/dashboard-view/v3-html-dashboard-view.ftl"("en", UTF-8, parsed); will try to load it.
11:45:59,964 DEBUG cache:45 - TemplateLoader.findTemplateSource("v3html/dashboard-view/v3-html-dashboard-view_en.ftl"): Not found
11:45:59,964 DEBUG cache:45 - TemplateLoader.findTemplateSource("v3html/dashboard-view/v3-html-dashboard-view.ftl"): Found
11:45:59,965 DEBUG cache:45 - Loading template for "v3html/dashboard-view/v3-html-dashboard-view.ftl"("en", UTF-8, parsed) from "jar:file:/C:/Users/schandan/.m2/repository/com/aventstack/extentreports/4.0.9/extentreports-4.0.9.jar!/com/aventstack/extentreports/view/v3html/dashboard-view/v3-html-dashboard-view.ftl"
11:45:59,974 DEBUG cache:45 - Couldn't find template in cache for "v3html/logs-view/v3-html-testrunner-logs-view.ftl"("en", UTF-8, parsed); will try to load it.
11:45:59,974 DEBUG cache:45 - TemplateLoader.findTemplateSource("v3html/logs-view/v3-html-testrunner-logs-view_en.ftl"): Not found
11:45:59,975 DEBUG cache:45 - TemplateLoader.findTemplateSource("v3html/logs-view/v3-html-testrunner-logs-view.ftl"): Found
11:45:59,975 DEBUG cache:45 - Loading template for "v3html/logs-view/v3-html-testrunner-logs-view.ftl"("en", UTF-8, parsed) from "jar:file:/C:/Users/schandan/.m2/repository/com/aventstack/extentreports/4.0.9/extentreports-4.0.9.jar!/com/aventstack/extentreports/view/v3html/logs-view/v3-html-testrunner-logs-view.ftl"
