11:39:41,871 DEBUG InternalLoggerFactory:47 - Using Log4J as the default logging framework
11:39:41,878 DEBUG ResourceLeakDetector:129 - -Dio.netty.leakDetection.level: simple
11:39:41,879 DEBUG ResourceLeakDetector:130 - -Dio.netty.leakDetection.targetRecords: 4
11:39:41,902 DEBUG PlatformDependent:987 - Platform: Windows
11:39:41,906 DEBUG PlatformDependent0:396 - -Dio.netty.noUnsafe: false
11:39:41,906 DEBUG PlatformDependent0:852 - Java version: 8
11:39:41,907 DEBUG PlatformDependent0:121 - sun.misc.Unsafe.theUnsafe: available
11:39:41,908 DEBUG PlatformDependent0:145 - sun.misc.Unsafe.copyMemory: available
11:39:41,909 DEBUG PlatformDependent0:183 - java.nio.Buffer.address: available
11:39:41,909 DEBUG PlatformDependent0:244 - direct buffer constructor: available
11:39:41,910 DEBUG PlatformDependent0:314 - java.nio.Bits.unaligned: available, true
11:39:41,910 DEBUG PlatformDependent0:379 - jdk.internal.misc.Unsafe.allocateUninitializedArray(int): unavailable prior to Java9
11:39:41,910 DEBUG PlatformDependent0:386 - java.nio.DirectByteBuffer.<init>(long, int): available
11:39:41,910 DEBUG PlatformDependent:1030 - sun.misc.Unsafe: available
11:39:41,911 DEBUG PlatformDependent:1149 - -Dio.netty.tmpdir: C:\Users\schandan\AppData\Local\Temp (java.io.tmpdir)
11:39:41,911 DEBUG PlatformDependent:1228 - -Dio.netty.bitMode: 64 (sun.arch.data.model)
11:39:41,914 DEBUG PlatformDependent:174 - -Dio.netty.maxDirectMemory: 922746880 bytes
11:39:41,915 DEBUG PlatformDependent:181 - -Dio.netty.uninitializedArrayAllocationThreshold: -1
11:39:41,916 DEBUG CleanerJava6:92 - java.nio.ByteBuffer.cleaner(): available
11:39:41,916 DEBUG PlatformDependent:201 - -Dio.netty.noPreferDirect: false
11:39:41,917 DEBUG ResourceLeakDetectorFactory:195 - Loaded default ResourceLeakDetector: io.netty.util.ResourceLeakDetector@44c03695
11:39:41,930 DEBUG PlatformDependent:891 - org.jctools-core.MpscChunkedArrayQueue: available
11:39:42,248 DEBUG JdkSslContext:96 - Default protocols (JDK): [TLSv1.2, TLSv1.1, TLSv1] 
11:39:42,248 DEBUG JdkSslContext:97 - Default cipher suites (JDK): [TLS_ECDHE_ECDSA_WITH_AES_256_GCM_SHA384, TLS_ECDHE_ECDSA_WITH_AES_128_GCM_SHA256, TLS_ECDHE_RSA_WITH_AES_128_GCM_SHA256, TLS_ECDHE_RSA_WITH_AES_256_GCM_SHA384, TLS_ECDHE_RSA_WITH_AES_128_CBC_SHA, TLS_ECDHE_RSA_WITH_AES_256_CBC_SHA, TLS_RSA_WITH_AES_128_GCM_SHA256, TLS_RSA_WITH_AES_128_CBC_SHA, TLS_RSA_WITH_AES_256_CBC_SHA]
11:39:42,273 DEBUG InternalThreadLocalMap:54 - -Dio.netty.threadLocalMap.stringBuilder.initialSize: 1024
11:39:42,273 DEBUG InternalThreadLocalMap:57 - -Dio.netty.threadLocalMap.stringBuilder.maxSize: 4096
11:39:42,280 DEBUG MultithreadEventLoopGroup:44 - -Dio.netty.eventLoopThreads: 8
11:39:42,290 DEBUG NioEventLoop:106 - -Dio.netty.noKeySetOptimization: false
11:39:42,290 DEBUG NioEventLoop:107 - -Dio.netty.selectorAutoRebuildThreshold: 512
11:39:42,335 DEBUG PooledByteBufAllocator:142 - -Dio.netty.allocator.numHeapArenas: 8
11:39:42,335 DEBUG PooledByteBufAllocator:143 - -Dio.netty.allocator.numDirectArenas: 8
11:39:42,335 DEBUG PooledByteBufAllocator:145 - -Dio.netty.allocator.pageSize: 8192
11:39:42,336 DEBUG PooledByteBufAllocator:150 - -Dio.netty.allocator.maxOrder: 11
11:39:42,336 DEBUG PooledByteBufAllocator:154 - -Dio.netty.allocator.chunkSize: 16777216
11:39:42,336 DEBUG PooledByteBufAllocator:155 - -Dio.netty.allocator.tinyCacheSize: 512
11:39:42,336 DEBUG PooledByteBufAllocator:156 - -Dio.netty.allocator.smallCacheSize: 256
11:39:42,336 DEBUG PooledByteBufAllocator:157 - -Dio.netty.allocator.normalCacheSize: 64
11:39:42,336 DEBUG PooledByteBufAllocator:158 - -Dio.netty.allocator.maxCachedBufferCapacity: 32768
11:39:42,336 DEBUG PooledByteBufAllocator:159 - -Dio.netty.allocator.cacheTrimInterval: 8192
11:39:42,337 DEBUG PooledByteBufAllocator:160 - -Dio.netty.allocator.cacheTrimIntervalMillis: 0
11:39:42,337 DEBUG PooledByteBufAllocator:161 - -Dio.netty.allocator.useCacheForAllThreads: true
11:39:42,337 DEBUG PooledByteBufAllocator:162 - -Dio.netty.allocator.maxCachedByteBuffersPerChunk: 1023
11:39:42,346 DEBUG ByteBufUtil:85 - -Dio.netty.allocator.type: pooled
11:39:42,346 DEBUG ByteBufUtil:94 - -Dio.netty.threadLocalDirectBufferSize: 0
11:39:42,347 DEBUG ByteBufUtil:97 - -Dio.netty.maxThreadLocalCharBufferSize: 16384
11:39:43,318 DEBUG DefaultChannelId:79 - -Dio.netty.processId: 3128 (auto-detected)
11:39:43,321 DEBUG NetUtil:139 - -Djava.net.preferIPv4Stack: false
11:39:43,322 DEBUG NetUtil:140 - -Djava.net.preferIPv6Addresses: false
11:39:43,348 DEBUG NetUtil:224 - Loopback interface: lo (Software Loopback Interface 1, 127.0.0.1)
11:39:43,349 DEBUG NetUtil:289 - Failed to get SOMAXCONN from sysctl and file \proc\sys\net\core\somaxconn. Default: 200
11:39:43,376 DEBUG DefaultChannelId:101 - -Dio.netty.machineId: 00:e0:4c:ff:fe:13:61:19 (auto-detected)
11:39:43,437 DEBUG AbstractByteBuf:62 - -Dio.netty.buffer.checkAccessible: true
11:39:43,437 DEBUG AbstractByteBuf:63 - -Dio.netty.buffer.checkBounds: true
11:39:43,438 DEBUG ResourceLeakDetectorFactory:195 - Loaded default ResourceLeakDetector: io.netty.util.ResourceLeakDetector@595bcb12
11:39:43,478 DEBUG Recycler:96 - -Dio.netty.recycler.maxCapacityPerThread: 4096
11:39:43,479 DEBUG Recycler:97 - -Dio.netty.recycler.maxSharedCapacityFactor: 2
11:39:43,479 DEBUG Recycler:98 - -Dio.netty.recycler.linkCapacity: 16
11:39:43,480 DEBUG Recycler:99 - -Dio.netty.recycler.ratio: 8
11:39:45,022 DEBUG ThreadLocalRandom:212 - -Dio.netty.initialSeedUniquifier: 0x5dd9ff6d7c8d73da
11:39:47,804  INFO devpinoyLogger:15 - Login test Started
11:39:52,999  INFO devpinoyLogger:20 - You are successfully logged in
11:39:58,607  INFO devpinoyLogger:48 - Create New Ticket Window Opened
11:40:01,031  INFO devpinoyLogger:55 - Date has been entered06/25/2020
11:40:01,248  INFO devpinoyLogger:61 - Job Type at position 1 has been selected
11:40:01,415  INFO devpinoyLogger:68 - Priority at position 2 has been selected
11:40:01,523  INFO devpinoyLogger:73 - Quote checkbix has been checked
11:40:01,869  INFO devpinoyLogger:82 - Request Text has been Entered
11:40:02,004  INFO devpinoyLogger:87 - Submit button has been clicked
